<?xml version="1.0" encoding="UTF-8"?>
<!-- Generated by org.testng.reporters.JUnitXMLReporter -->
<testsuite hostname="Chetuiwk255" ignored="0" name="Project Compilation" tests="3" failures="0" timestamp="01 Feb 2019 10:35:55 GMT" time="0.929" errors="0">
  <testcase name="@BeforeMethod setup" time="0.097" classname="com.qa.testcases.Contactspagetest">
    <failure type="java.lang.NoClassDefFoundError" message="okhttp3/ConnectionPool">
      <![CDATA[java.lang.NoClassDefFoundError: okhttp3/ConnectionPool
at org.openqa.selenium.remote.internal.OkHttpClient$Factory.<init>(OkHttpClient.java:119)
at org.openqa.selenium.remote.internal.OkHttpClient$Factory.<init>(OkHttpClient.java:124)
at org.openqa.selenium.remote.http.HttpClient$Factory.createDefault(HttpClient.java:59)
at org.openqa.selenium.remote.HttpCommandExecutor.<clinit>(HttpCommandExecutor.java:49)
at org.openqa.selenium.chrome.ChromeDriver.<init>(ChromeDriver.java:181)
at org.openqa.selenium.chrome.ChromeDriver.<init>(ChromeDriver.java:168)
at org.openqa.selenium.chrome.ChromeDriver.<init>(ChromeDriver.java:123)
at com.qa.base.TestBase.initialization(TestBase.java:57)
at com.qa.testcases.Contactspagetest.setup(Contactspagetest.java:30)
Caused by: java.lang.ClassNotFoundException: okhttp3.ConnectionPool
at java.net.URLClassLoader.findClass(URLClassLoader.java:381)
at java.lang.ClassLoader.loadClass(ClassLoader.java:424)
at sun.misc.Launcher$AppClassLoader.loadClass(Launcher.java:335)
at java.lang.ClassLoader.loadClass(ClassLoader.java:357)
... 37 more
... Removed 28 stack frames]]>
    </failure>
  </testcase> <!-- @BeforeMethod setup -->
  <testcase name="@AfterMethod teardown" time="0.0" classname="com.qa.testcases.Contactspagetest">
    <skipped/>
  </testcase> <!-- @AfterMethod teardown -->
  <testcase name="@BeforeMethod setup" time="0.0" classname="com.qa.testcases.Contactspagetest">
    <skipped/>
  </testcase> <!-- @BeforeMethod setup -->
  <testcase name="@AfterMethod teardown" time="0.0" classname="com.qa.testcases.Contactspagetest">
    <skipped/>
  </testcase> <!-- @AfterMethod teardown -->
  <testcase name="@BeforeMethod setup" time="0.0" classname="com.qa.testcases.Contactspagetest">
    <skipped/>
  </testcase> <!-- @BeforeMethod setup -->
  <testcase name="@AfterMethod teardown" time="0.0" classname="com.qa.testcases.Contactspagetest">
    <skipped/>
  </testcase> <!-- @AfterMethod teardown -->
  <testcase name="addnewcontactest" time="0.0" classname="com.qa.testcases.Contactspagetest">
    <skipped/>
  </testcase> <!-- addnewcontactest -->
  <testcase name="addnewcontactest" time="0.0" classname="com.qa.testcases.Contactspagetest">
    <skipped/>
  </testcase> <!-- addnewcontactest -->
  <testcase name="addnewcontactest" time="0.0" classname="com.qa.testcases.Contactspagetest">
    <skipped/>
  </testcase> <!-- addnewcontactest -->
</testsuite> <!-- Project Compilation -->
